<?xml version="1.0" encoding="UTF-8"?>
<testsuite xmlns:xsi="http://www.w3.org/2001/XMLSchema-instance" xsi:noNamespaceSchemaLocation="https://maven.apache.org/surefire/maven-surefire-plugin/xsd/surefire-test-report-3.0.xsd" version="3.0" name="courier.TestCasesLoginCourier" time="1.709" tests="6" errors="0" skipped="0" failures="0">
  <properties>
    <property name="sun.desktop" value="windows"/>
    <property name="awt.toolkit" value="sun.awt.windows.WToolkit"/>
    <property name="java.specification.version" value="11"/>
    <property name="sun.cpu.isalist" value="amd64"/>
    <property name="sun.jnu.encoding" value="Cp1251"/>
    <property name="java.class.path" value="F:\autotest\Sprint_7\target\test-classes;F:\autotest\Sprint_7\target\classes;C:\Users\ПК\.m2\repository\com\google\code\gson\gson\2.9.0\gson-2.9.0.jar;C:\Users\ПК\.m2\repository\io\qameta\allure\allure-junit4\2.23.0\allure-junit4-2.23.0.jar;C:\Users\ПК\.m2\repository\io\qameta\allure\allure-java-commons\2.23.0\allure-java-commons-2.23.0.jar;C:\Users\ПК\.m2\repository\org\slf4j\slf4j-api\1.7.36\slf4j-api-1.7.36.jar;C:\Users\ПК\.m2\repository\io\qameta\allure\allure-model\2.23.0\allure-model-2.23.0.jar;C:\Users\ПК\.m2\repository\io\qameta\allure\allure-rest-assured\2.23.0\allure-rest-assured-2.23.0.jar;C:\Users\ПК\.m2\repository\io\qameta\allure\allure-attachments\2.23.0\allure-attachments-2.23.0.jar;C:\Users\ПК\.m2\repository\org\freemarker\freemarker\2.3.31\freemarker-2.3.31.jar;C:\Users\ПК\.m2\repository\org\apache\commons\commons-lang3\3.12.0\commons-lang3-3.12.0.jar;C:\Users\ПК\.m2\repository\io\rest-assured\rest-assured\5.3.2\rest-assured-5.3.2.jar;C:\Users\ПК\.m2\repository\org\apache\groovy\groovy\4.0.11\groovy-4.0.11.jar;C:\Users\ПК\.m2\repository\org\apache\groovy\groovy-xml\4.0.11\groovy-xml-4.0.11.jar;C:\Users\ПК\.m2\repository\org\apache\httpcomponents\httpclient\4.5.13\httpclient-4.5.13.jar;C:\Users\ПК\.m2\repository\org\apache\httpcomponents\httpcore\4.4.13\httpcore-4.4.13.jar;C:\Users\ПК\.m2\repository\commons-logging\commons-logging\1.2\commons-logging-1.2.jar;C:\Users\ПК\.m2\repository\commons-codec\commons-codec\1.11\commons-codec-1.11.jar;C:\Users\ПК\.m2\repository\org\apache\httpcomponents\httpmime\4.5.13\httpmime-4.5.13.jar;C:\Users\ПК\.m2\repository\org\hamcrest\hamcrest\2.2\hamcrest-2.2.jar;C:\Users\ПК\.m2\repository\org\ccil\cowan\tagsoup\tagsoup\1.2.1\tagsoup-1.2.1.jar;C:\Users\ПК\.m2\repository\io\rest-assured\json-path\5.3.2\json-path-5.3.2.jar;C:\Users\ПК\.m2\repository\org\apache\groovy\groovy-json\4.0.11\groovy-json-4.0.11.jar;C:\Users\ПК\.m2\repository\io\rest-assured\rest-assured-common\5.3.2\rest-assured-common-5.3.2.jar;C:\Users\ПК\.m2\repository\io\rest-assured\xml-path\5.3.2\xml-path-5.3.2.jar;C:\Users\ПК\.m2\repository\junit\junit\4.13.2\junit-4.13.2.jar;C:\Users\ПК\.m2\repository\org\hamcrest\hamcrest-core\1.3\hamcrest-core-1.3.jar;C:\Users\ПК\.m2\repository\org\projectlombok\lombok\1.18.26\lombok-1.18.26.jar;"/>
    <property name="java.vm.vendor" value="Amazon.com Inc."/>
    <property name="sun.arch.data.model" value="64"/>
    <property name="user.variant" value=""/>
    <property name="java.vendor.url" value="https://aws.amazon.com/corretto/"/>
    <property name="user.timezone" value="Europe/Moscow"/>
    <property name="property" value=""/>
    <property name="java.vm.specification.version" value="11"/>
    <property name="os.name" value="Windows 11"/>
    <property name="sun.java.launcher" value="SUN_STANDARD"/>
    <property name="user.country" value="RU"/>
    <property name="sun.boot.library.path" value="C:\Program Files\Amazon Corretto\jdk11.0.22_7\bin"/>
    <property name="sun.java.command" value="C:\Users\ПК\AppData\Local\Temp\surefire12827955910250490843\surefirebooter-20240213235030104_3.jar C:\Users\ПК\AppData\Local\Temp\surefire12827955910250490843 2024-02-13T23-50-29_883-jvmRun1 surefire-20240213235030104_1tmp surefire_0-20240213235030104_2tmp"/>
    <property name="jdk.debug" value="release"/>
    <property name="surefire.test.class.path" value="F:\autotest\Sprint_7\target\test-classes;F:\autotest\Sprint_7\target\classes;C:\Users\ПК\.m2\repository\com\google\code\gson\gson\2.9.0\gson-2.9.0.jar;C:\Users\ПК\.m2\repository\io\qameta\allure\allure-junit4\2.23.0\allure-junit4-2.23.0.jar;C:\Users\ПК\.m2\repository\io\qameta\allure\allure-java-commons\2.23.0\allure-java-commons-2.23.0.jar;C:\Users\ПК\.m2\repository\org\slf4j\slf4j-api\1.7.36\slf4j-api-1.7.36.jar;C:\Users\ПК\.m2\repository\io\qameta\allure\allure-model\2.23.0\allure-model-2.23.0.jar;C:\Users\ПК\.m2\repository\io\qameta\allure\allure-rest-assured\2.23.0\allure-rest-assured-2.23.0.jar;C:\Users\ПК\.m2\repository\io\qameta\allure\allure-attachments\2.23.0\allure-attachments-2.23.0.jar;C:\Users\ПК\.m2\repository\org\freemarker\freemarker\2.3.31\freemarker-2.3.31.jar;C:\Users\ПК\.m2\repository\org\apache\commons\commons-lang3\3.12.0\commons-lang3-3.12.0.jar;C:\Users\ПК\.m2\repository\io\rest-assured\rest-assured\5.3.2\rest-assured-5.3.2.jar;C:\Users\ПК\.m2\repository\org\apache\groovy\groovy\4.0.11\groovy-4.0.11.jar;C:\Users\ПК\.m2\repository\org\apache\groovy\groovy-xml\4.0.11\groovy-xml-4.0.11.jar;C:\Users\ПК\.m2\repository\org\apache\httpcomponents\httpclient\4.5.13\httpclient-4.5.13.jar;C:\Users\ПК\.m2\repository\org\apache\httpcomponents\httpcore\4.4.13\httpcore-4.4.13.jar;C:\Users\ПК\.m2\repository\commons-logging\commons-logging\1.2\commons-logging-1.2.jar;C:\Users\ПК\.m2\repository\commons-codec\commons-codec\1.11\commons-codec-1.11.jar;C:\Users\ПК\.m2\repository\org\apache\httpcomponents\httpmime\4.5.13\httpmime-4.5.13.jar;C:\Users\ПК\.m2\repository\org\hamcrest\hamcrest\2.2\hamcrest-2.2.jar;C:\Users\ПК\.m2\repository\org\ccil\cowan\tagsoup\tagsoup\1.2.1\tagsoup-1.2.1.jar;C:\Users\ПК\.m2\repository\io\rest-assured\json-path\5.3.2\json-path-5.3.2.jar;C:\Users\ПК\.m2\repository\org\apache\groovy\groovy-json\4.0.11\groovy-json-4.0.11.jar;C:\Users\ПК\.m2\repository\io\rest-assured\rest-assured-common\5.3.2\rest-assured-common-5.3.2.jar;C:\Users\ПК\.m2\repository\io\rest-assured\xml-path\5.3.2\xml-path-5.3.2.jar;C:\Users\ПК\.m2\repository\junit\junit\4.13.2\junit-4.13.2.jar;C:\Users\ПК\.m2\repository\org\hamcrest\hamcrest-core\1.3\hamcrest-core-1.3.jar;C:\Users\ПК\.m2\repository\org\projectlombok\lombok\1.18.26\lombok-1.18.26.jar;"/>
    <property name="sun.cpu.endian" value="little"/>
    <property name="user.home" value="C:\Users\ПК"/>
    <property name="user.language" value="ru"/>
    <property name="java.specification.vendor" value="Oracle Corporation"/>
    <property name="java.version.date" value="2024-01-16"/>
    <property name="java.home" value="C:\Program Files\Amazon Corretto\jdk11.0.22_7"/>
    <property name="file.separator" value="\"/>
    <property name="basedir" value="F:\autotest\Sprint_7"/>
    <property name="java.vm.compressedOopsMode" value="Zero based"/>
    <property name="line.separator" value="&#10;"/>
    <property name="java.specification.name" value="Java Platform API Specification"/>
    <property name="java.vm.specification.vendor" value="Oracle Corporation"/>
    <property name="java.awt.graphicsenv" value="sun.awt.Win32GraphicsEnvironment"/>
    <property name="surefire.real.class.path" value="C:\Users\ПК\AppData\Local\Temp\surefire12827955910250490843\surefirebooter-20240213235030104_3.jar"/>
    <property name="user.script" value=""/>
    <property name="sun.management.compiler" value="HotSpot 64-Bit Tiered Compilers"/>
    <property name="java.runtime.version" value="11.0.22+7-LTS"/>
    <property name="user.name" value="ПК"/>
    <property name="path.separator" value=";"/>
    <property name="os.version" value="10.0"/>
    <property name="java.runtime.name" value="OpenJDK Runtime Environment"/>
    <property name="file.encoding" value="Cp1251"/>
    <property name="java.vm.name" value="OpenJDK 64-Bit Server VM"/>
    <property name="java.vendor.version" value="Corretto-11.0.22.7.1"/>
    <property name="localRepository" value="C:\Users\ПК\.m2\repository"/>
    <property name="java.vendor.url.bug" value="https://github.com/corretto/corretto-11/issues/"/>
    <property name="java.io.tmpdir" value="C:\Users\90C5~1\AppData\Local\Temp\"/>
    <property name="java.version" value="11.0.22"/>
    <property name="user.dir" value="F:\autotest\Sprint_7"/>
    <property name="os.arch" value="amd64"/>
    <property name="java.vm.specification.name" value="Java Virtual Machine Specification"/>
    <property name="java.awt.printerjob" value="sun.awt.windows.WPrinterJob"/>
    <property name="sun.os.patch.level" value=""/>
    <property name="java.library.path" value="C:\Program Files\Amazon Corretto\jdk11.0.22_7\bin;C:\WINDOWS\Sun\Java\bin;C:\WINDOWS\system32;C:\WINDOWS;C:\Program Files\Common Files\Oracle\Java\javapath;C:\Program Files\Amazon Corretto\jdk11.0.22_7\bin;C:\Program Files (x86)\Common Files\Oracle\Java\javapath;C:\Windows\system32;C:\Windows;C:\Windows\System32\Wbem;C:\Windows\System32\WindowsPowerShell\v1.0\;C:\Windows\System32\OpenSSH\;C:\Program Files (x86)\NVIDIA Corporation\PhysX\Common;C:\Users\ПК\PycharmProjects\test\cromedriver\chromedriver.exe;C:\ProgramData\chocolatey\bin;C:\Program Files\Memurai\;C:\Program Files\Redis\;C:\Program Files\NVIDIA Corporation\NVIDIA NvDLISR;C:\Program Files\Git\cmd;C:\Program Files\Git\mingw64\bin;C:\Program Files\Git\usr\bin;C:\WINDOWS\system32;C:\WINDOWS;C:\WINDOWS\System32\Wbem;C:\WINDOWS\System32\WindowsPowerShell\v1.0\;C:\WINDOWS\System32\OpenSSH\;C:\Program Files\dotnet\;C:\Windows\system32;C:\Windows;C:\Windows\System32\Wbem;C:\Windows\System32\WindowsPowerShell\v1.0\;C:\Windows\System32\OpenSSH\;C:\Program Files (x86)\NVIDIA Corporation\PhysX\Common;C:\Users\ПК\PycharmProjects\test\cromedriver\chromedriver.exe;C:\ProgramData\chocolatey\bin;C:\Program Files\Memurai\;C:\Program Files\Redis\;C:\Program Files\NVIDIA Corporation\NVIDIA NvDLISR;C:\Program Files\Git\cmd;C:\Program Files\Git\mingw64\bin;C:\Program Files\Git\usr\bin;C:\Program Files\Git\usr\;C:\Users\ПК\AppData\Local\Microsoft\WindowsApps;C:\Program Files\apache-maven-3.9.4\bin;C:\Program Files\allure-2.27.0\bin;C:\Program Files\Amazon Corretto\jdk17;C:\Program Files\Amazon Corretto\jdk11.0.22_7\bin;C:\Program Files\Amazon Corretto\jdk11.0.22_7;;."/>
    <property name="java.vm.info" value="mixed mode"/>
    <property name="java.vendor" value="Amazon.com Inc."/>
    <property name="java.vm.version" value="11.0.22+7-LTS"/>
    <property name="java.specification.maintenance.version" value="2"/>
    <property name="sun.io.unicode.encoding" value="UnicodeLittle"/>
    <property name="java.class.version" value="55.0"/>
  </properties>
  <testcase name="loginCourierNullData" classname="courier.TestCasesLoginCourier" time="0.269">
    <system-out><![CDATA[Request method:	POST
Request URI:	https://qa-scooter.praktikum-services.ru/api/v1/courier
Proxy:			<none>
Request params:	<none>
Query params:	<none>
Form params:	<none>
Path params:	<none>
Headers:		Accept=*/*
				Content-Type=application/json
Cookies:		<none>
Multiparts:		<none>
Body:
{
    "login": "courier_ea7f31a6-661c-44dc-aa5a-7107988511f7",
    "password": "pass_2a250adf-1d28-4f66-9153-9c72367160a4",
    "firstName": "name_eb0a6102-0d79-4305-89a9-f1661c9b54af"
}
Request method:	POST
Request URI:	https://qa-scooter.praktikum-services.ru/api/v1/courier/login
Proxy:			<none>
Request params:	<none>
Query params:	<none>
Form params:	<none>
Path params:	<none>
Headers:		Accept=*/*
				Content-Type=application/json
Cookies:		<none>
Multiparts:		<none>
Body:
{
    "login": "",
    "password": ""
}
]]></system-out>
  </testcase>
  <testcase name="loginCourierWithIncorrectPassword" classname="courier.TestCasesLoginCourier" time="0.3">
    <system-out><![CDATA[Request method:	POST
Request URI:	https://qa-scooter.praktikum-services.ru/api/v1/courier
Proxy:			<none>
Request params:	<none>
Query params:	<none>
Form params:	<none>
Path params:	<none>
Headers:		Accept=*/*
				Content-Type=application/json
Cookies:		<none>
Multiparts:		<none>
Body:
{
    "login": "courier_223a058b-fdbd-493b-bb6b-40c08553a2b9",
    "password": "pass_7f925176-ccb5-4811-9c6d-e76aa1ccac56",
    "firstName": "name_f5e586e7-4614-4b12-9ec0-2899b184d65e"
}
Request method:	POST
Request URI:	https://qa-scooter.praktikum-services.ru/api/v1/courier/login
Proxy:			<none>
Request params:	<none>
Query params:	<none>
Form params:	<none>
Path params:	<none>
Headers:		Accept=*/*
				Content-Type=application/json
Cookies:		<none>
Multiparts:		<none>
Body:
{
    "login": "courier_223a058b-fdbd-493b-bb6b-40c08553a2b9",
    "password": "pass_7f925176-ccb5-4811-9c6d-e76aa1ccac56incorrect"
}
]]></system-out>
  </testcase>
  <testcase name="loginCourierValidData" classname="courier.TestCasesLoginCourier" time="0.282">
    <system-out><![CDATA[Request method:	POST
Request URI:	https://qa-scooter.praktikum-services.ru/api/v1/courier
Proxy:			<none>
Request params:	<none>
Query params:	<none>
Form params:	<none>
Path params:	<none>
Headers:		Accept=*/*
				Content-Type=application/json
Cookies:		<none>
Multiparts:		<none>
Body:
{
    "login": "courier_308a04b5-2c69-4c3f-bf47-1f287811fc25",
    "password": "pass_21509ffe-32bf-4855-9132-ecbcfe7f3d3e",
    "firstName": "name_9186b282-08ce-4733-a351-39ac7c621724"
}
Request method:	POST
Request URI:	https://qa-scooter.praktikum-services.ru/api/v1/courier/login
Proxy:			<none>
Request params:	<none>
Query params:	<none>
Form params:	<none>
Path params:	<none>
Headers:		Accept=*/*
				Content-Type=application/json
Cookies:		<none>
Multiparts:		<none>
Body:
{
    "login": "courier_308a04b5-2c69-4c3f-bf47-1f287811fc25",
    "password": "pass_21509ffe-32bf-4855-9132-ecbcfe7f3d3e"
}
]]></system-out>
  </testcase>
  <testcase name="loginCourierWithIncorrectLogin" classname="courier.TestCasesLoginCourier" time="0.288">
    <system-out><![CDATA[Request method:	POST
Request URI:	https://qa-scooter.praktikum-services.ru/api/v1/courier
Proxy:			<none>
Request params:	<none>
Query params:	<none>
Form params:	<none>
Path params:	<none>
Headers:		Accept=*/*
				Content-Type=application/json
Cookies:		<none>
Multiparts:		<none>
Body:
{
    "login": "courier_80ec0a91-a979-42b5-aeb9-5f9126e9209c",
    "password": "pass_3d9a7c3f-ecfe-4755-9d54-37fb7016e5bc",
    "firstName": "name_12ac4e77-66e7-4f03-b2cd-fccb06b4fa62"
}
Request method:	POST
Request URI:	https://qa-scooter.praktikum-services.ru/api/v1/courier/login
Proxy:			<none>
Request params:	<none>
Query params:	<none>
Form params:	<none>
Path params:	<none>
Headers:		Accept=*/*
				Content-Type=application/json
Cookies:		<none>
Multiparts:		<none>
Body:
{
    "login": "courier_80ec0a91-a979-42b5-aeb9-5f9126e9209cincorrect",
    "password": "pass_3d9a7c3f-ecfe-4755-9d54-37fb7016e5bc"
}
]]></system-out>
  </testcase>
  <testcase name="loginCourierWithoutLogin" classname="courier.TestCasesLoginCourier" time="0.31">
    <system-out><![CDATA[Request method:	POST
Request URI:	https://qa-scooter.praktikum-services.ru/api/v1/courier
Proxy:			<none>
Request params:	<none>
Query params:	<none>
Form params:	<none>
Path params:	<none>
Headers:		Accept=*/*
				Content-Type=application/json
Cookies:		<none>
Multiparts:		<none>
Body:
{
    "login": "courier_dd869b80-8f00-4225-8580-fdb1335660b6",
    "password": "pass_a43b2bda-a0e7-4109-84b2-8fee58b261f6",
    "firstName": "name_d261cdb8-a5a6-423c-9147-8e906c5ba0e4"
}
Request method:	POST
Request URI:	https://qa-scooter.praktikum-services.ru/api/v1/courier/login
Proxy:			<none>
Request params:	<none>
Query params:	<none>
Form params:	<none>
Path params:	<none>
Headers:		Accept=*/*
				Content-Type=application/json
Cookies:		<none>
Multiparts:		<none>
Body:
{
    "login": "",
    "password": "pass_a43b2bda-a0e7-4109-84b2-8fee58b261f6"
}
]]></system-out>
  </testcase>
  <testcase name="loginCourierWithoutPassword" classname="courier.TestCasesLoginCourier" time="0.257">
    <system-out><![CDATA[Request method:	POST
Request URI:	https://qa-scooter.praktikum-services.ru/api/v1/courier
Proxy:			<none>
Request params:	<none>
Query params:	<none>
Form params:	<none>
Path params:	<none>
Headers:		Accept=*/*
				Content-Type=application/json
Cookies:		<none>
Multiparts:		<none>
Body:
{
    "login": "courier_db4de021-bc52-4be9-822b-d32ad15cb2a3",
    "password": "pass_8e38b8e8-d0a7-4519-8948-90053bc83a8a",
    "firstName": "name_14e4f469-7641-404a-b4b3-53114943405a"
}
Request method:	POST
Request URI:	https://qa-scooter.praktikum-services.ru/api/v1/courier/login
Proxy:			<none>
Request params:	<none>
Query params:	<none>
Form params:	<none>
Path params:	<none>
Headers:		Accept=*/*
				Content-Type=application/json
Cookies:		<none>
Multiparts:		<none>
Body:
{
    "login": "courier_db4de021-bc52-4be9-822b-d32ad15cb2a3",
    "password": ""
}
]]></system-out>
  </testcase>
</testsuite>